<!DOCTYPE html PUBLIC "-//W3C//DTD XHTML 1.1//EN" "https://www.w3.org/TR/xhtml11/DTD/xhtml11.dtd">
<html xmlns="https://www.w3.org/1999/xhtml">
<head>
<meta http-equiv="content-type" content="text/html; charset=UTF-8"/>
<title>TestNG Report</title>
<style type="text/css">table {margin-bottom:10px;border-collapse:collapse;empty-cells:show}th,td {border:1px solid #009;padding:.25em .5em}th {vertical-align:bottom}td {vertical-align:top}table a {font-weight:bold}.stripe td {background-color: #E6EBF9}.num {text-align:right}.passedodd td {background-color: #3F3}.passedeven td {background-color: #0A0}.skippedodd td {background-color: #DDD}.skippedeven td {background-color: #CCC}.failedodd td,.attn {background-color: #F33}.failedeven td,.stripe .attn {background-color: #D00}.stacktrace {white-space:pre;font-family:monospace}.totop {font-size:85%;text-align:center;border-bottom:2px solid #000}.invisible {display:none}</style>
</head>
<body>
<table>
<tr><th>Test</th><th># Passed</th><th># Skipped</th><th># Retried</th><th># Failed</th><th>Time (ms)</th><th>Included Groups</th><th>Excluded Groups</th></tr>
<tr><th colspan="8">Suite</th></tr>
<tr><td><a href="#t0">Test</a></td><td class="num">9</td><td class="num">0</td><td class="num">0</td><td class="num">0</td><td class="num">41,265</td><td></td><td></td></tr>
<tr><th colspan="8">Suite (1)</th></tr>
<tr class="stripe"><td><a href="#t1">Test</a></td><td class="num">9</td><td class="num">0</td><td class="num">0</td><td class="num">0</td><td class="num">22,471</td><td></td><td></td></tr>
<tr><th colspan="8">Suite (0)</th></tr>
<tr><td><a href="#t2">Test</a></td><td class="num">9</td><td class="num">0</td><td class="num">0</td><td class="num attn">3</td><td class="num">72,466</td><td></td><td></td></tr>
<tr><th>Total</th><th class="num">27</th><th class="num">0</th><th class="num">0</th><th class="num attn">3</th><th class="num">136,202</th><th colspan="2"></th></tr>
</table>
<table id='summary'><thead><tr><th>Class</th><th>Method</th><th>Start</th><th>Time (ms)</th></tr></thead><tbody><tr><th colspan="4">Suite</th></tr></tbody><tbody id="t0"><tr><th colspan="4">Test &#8212; passed</th></tr><tr class="passedeven"><td rowspan="2">Report.LoginTest</td><td><a href="#m0">invalidUsernameandPassword</a></td><td rowspan="1">1669201258947</td><td rowspan="1">5679</td></tr><tr class="passedeven"><td><a href="#m1">validUsernameandPassword</a></td><td rowspan="1">1669201268261</td><td rowspan="1">3554</td></tr><tr class="passedodd"><td rowspan="2">Report.MyFirstTestNG</td><td><a href="#m2">login</a></td><td rowspan="1">1669201295828</td><td rowspan="1">1</td></tr><tr class="passedodd"><td><a href="#m3">logoutFormApplication</a></td><td rowspan="1">1669201295830</td><td rowspan="1">0</td></tr><tr class="passedeven"><td rowspan="5">Report.TestClass1</td><td><a href="#m4">InvalidUsernameInvalidPassword</a></td><td rowspan="1">1669201275150</td><td rowspan="1">702</td></tr><tr class="passedeven"><td><a href="#m5">InvalidUsernamevalidPassword</a></td><td rowspan="1">1669201279172</td><td rowspan="1">865</td></tr><tr class="passedeven"><td><a href="#m6">noDetails</a></td><td rowspan="1">1669201283455</td><td rowspan="1">69</td></tr><tr class="passedeven"><td><a href="#m7">validCredentials</a></td><td rowspan="1">1669201286868</td><td rowspan="1">4001</td></tr><tr class="passedeven"><td><a href="#m8">validUsernameInvalidPassword</a></td><td rowspan="1">1669201294355</td><td rowspan="1">1305</td></tr></tbody>
<tbody><tr><th colspan="4">Suite (1)</th></tr></tbody><tbody id="t1"><tr><th colspan="4">Test &#8212; passed</th></tr><tr class="passedeven"><td rowspan="2">Report.LoginTest</td><td><a href="#m9">invalidUsernameandPassword</a></td><td rowspan="1">1669201371820</td><td rowspan="1">5677</td></tr><tr class="passedeven"><td><a href="#m10">validUsernameandPassword</a></td><td rowspan="1">1669201380999</td><td rowspan="1">3305</td></tr><tr class="passedodd"><td rowspan="2">Report.MyFirstTestNG</td><td><a href="#m11">login</a></td><td rowspan="1">1669201384518</td><td rowspan="1">0</td></tr><tr class="passedodd"><td><a href="#m12">logoutFormApplication</a></td><td rowspan="1">1669201384520</td><td rowspan="1">0</td></tr><tr class="passedeven"><td rowspan="5">Report.TestClass1</td><td><a href="#m13">InvalidUsernameInvalidPassword</a></td><td rowspan="1">1669201371642</td><td rowspan="1">848</td></tr><tr class="passedeven"><td><a href="#m14">InvalidUsernamevalidPassword</a></td><td rowspan="1">1669201375801</td><td rowspan="1">684</td></tr><tr class="passedeven"><td><a href="#m15">noDetails</a></td><td rowspan="1">1669201379784</td><td rowspan="1">69</td></tr><tr class="passedeven"><td><a href="#m16">validCredentials</a></td><td rowspan="1">1669201383350</td><td rowspan="1">3052</td></tr><tr class="passedeven"><td><a href="#m17">validUsernameInvalidPassword</a></td><td rowspan="1">1669201389748</td><td rowspan="1">869</td></tr></tbody>
<tbody><tr><th colspan="4">Suite (0)</th></tr></tbody><tbody id="t2"><tr><th colspan="4">Test &#8212; failed</th></tr><tr class="failedeven"><td rowspan="1">DAY4.DataDrivenLogin</td><td><a href="#m18">Test</a></td><td rowspan="1">1669201347921</td><td rowspan="1">20193</td></tr><tr class="failedodd"><td rowspan="1">DAY4.DdtExample</td><td><a href="#m19">login</a></td><td rowspan="1">1669201316791</td><td rowspan="1">20225</td></tr><tr class="failedeven"><td rowspan="1">DAY4.ReadingExcel</td><td><a href="#m20">testData</a></td><td rowspan="1">1669201305734</td><td rowspan="1">21</td></tr><tr><th colspan="4">Test &#8212; passed</th></tr><tr class="passedeven"><td rowspan="3">DAY4.DataDrivenLogin</td><td><a href="#m21">Test</a></td><td rowspan="3">1669201344805</td><td rowspan="3">1687</td></tr><tr class="passedeven"><td><a href="#m22">Test</a></td></tr><tr class="passedeven"><td><a href="#m23">Test</a></td></tr><tr class="passedodd"><td rowspan="3">DAY4.DdtExample</td><td><a href="#m24">login</a></td><td rowspan="3">1669201307031</td><td rowspan="3">1681</td></tr><tr class="passedodd"><td><a href="#m25">login</a></td></tr><tr class="passedodd"><td><a href="#m26">login</a></td></tr><tr class="passedeven"><td rowspan="3">DAY4.ExcelLogin</td><td><a href="#m27">Test</a></td><td rowspan="3">1669201303892</td><td rowspan="3">1675</td></tr><tr class="passedeven"><td><a href="#m28">Test</a></td></tr><tr class="passedeven"><td><a href="#m29">Test</a></td></tr></tbody>
</table>
<h2>Test</h2><h3 id="m0">Report.LoginTest#invalidUsernameandPassword</h3><table class="result"><tr><th class="invisible"/></tr></table><p class="totop"><a href="#summary">back to summary</a></p>
<h3 id="m1">Report.LoginTest#validUsernameandPassword</h3><table class="result"><tr><th class="invisible"/></tr></table><p class="totop"><a href="#summary">back to summary</a></p>
<h3 id="m2">Report.MyFirstTestNG#login</h3><table class="result"><tr><th>Messages</th></tr><tr><td><div class="messages">Login Done</div></td></tr></table><p class="totop"><a href="#summary">back to summary</a></p>
<h3 id="m3">Report.MyFirstTestNG#logoutFormApplication</h3><table class="result"><tr><th class="invisible"/></tr></table><p class="totop"><a href="#summary">back to summary</a></p>
<h3 id="m4">Report.TestClass1#InvalidUsernameInvalidPassword</h3><table class="result"><tr><th class="invisible"/></tr></table><p class="totop"><a href="#summary">back to summary</a></p>
<h3 id="m5">Report.TestClass1#InvalidUsernamevalidPassword</h3><table class="result"><tr><th class="invisible"/></tr></table><p class="totop"><a href="#summary">back to summary</a></p>
<h3 id="m6">Report.TestClass1#noDetails</h3><table class="result"><tr><th class="invisible"/></tr></table><p class="totop"><a href="#summary">back to summary</a></p>
<h3 id="m7">Report.TestClass1#validCredentials</h3><table class="result"><tr><th class="invisible"/></tr></table><p class="totop"><a href="#summary">back to summary</a></p>
<h3 id="m8">Report.TestClass1#validUsernameInvalidPassword</h3><table class="result"><tr><th class="invisible"/></tr></table><p class="totop"><a href="#summary">back to summary</a></p>
<h2>Test</h2><h3 id="m9">Report.LoginTest#invalidUsernameandPassword</h3><table class="result"><tr><th class="invisible"/></tr></table><p class="totop"><a href="#summary">back to summary</a></p>
<h3 id="m10">Report.LoginTest#validUsernameandPassword</h3><table class="result"><tr><th class="invisible"/></tr></table><p class="totop"><a href="#summary">back to summary</a></p>
<h3 id="m11">Report.MyFirstTestNG#login</h3><table class="result"><tr><th>Messages</th></tr><tr><td><div class="messages">Login Done</div></td></tr></table><p class="totop"><a href="#summary">back to summary</a></p>
<h3 id="m12">Report.MyFirstTestNG#logoutFormApplication</h3><table class="result"><tr><th class="invisible"/></tr></table><p class="totop"><a href="#summary">back to summary</a></p>
<h3 id="m13">Report.TestClass1#InvalidUsernameInvalidPassword</h3><table class="result"><tr><th class="invisible"/></tr></table><p class="totop"><a href="#summary">back to summary</a></p>
<h3 id="m14">Report.TestClass1#InvalidUsernamevalidPassword</h3><table class="result"><tr><th class="invisible"/></tr></table><p class="totop"><a href="#summary">back to summary</a></p>
<h3 id="m15">Report.TestClass1#noDetails</h3><table class="result"><tr><th class="invisible"/></tr></table><p class="totop"><a href="#summary">back to summary</a></p>
<h3 id="m16">Report.TestClass1#validCredentials</h3><table class="result"><tr><th class="invisible"/></tr></table><p class="totop"><a href="#summary">back to summary</a></p>
<h3 id="m17">Report.TestClass1#validUsernameInvalidPassword</h3><table class="result"><tr><th class="invisible"/></tr></table><p class="totop"><a href="#summary">back to summary</a></p>
<h2>Test</h2><h3 id="m18">DAY4.DataDrivenLogin#Test</h3><table class="result"><tr class="param"><th>Parameter #1</th><th>Parameter #2</th></tr><tr class="param stripe"><td>samplemukesh2@gmail.com</td><td>Mukesh1234</td></tr><tr><th colspan="2">Exception</th></tr><tr><td colspan="2"><div class="stacktrace">org.openqa.selenium.NoSuchElementException: no such element: Unable to locate element: {&quot;method&quot;:&quot;xpath&quot;,&quot;selector&quot;:&quot;//button[normalize-space()=&apos;Sign out&apos;]&quot;}
  (Session info: chrome=107.0.5304.107)
For documentation on this error, please visit: https://selenium.dev/exceptions/#no_such_element
Build info: version: &apos;4.6.0&apos;, revision: &apos;79f1c02ae20&apos;
System info: os.name: &apos;Windows 11&apos;, os.arch: &apos;amd64&apos;, os.version: &apos;10.0&apos;, java.version: &apos;11.0.16.1&apos;
Driver info: org.openqa.selenium.chrome.ChromeDriver
Command: [528eed4cb0e14eb833513ec1d9baefb0, findElement {using=xpath, value=//button[normalize-space()=&apos;Sign out&apos;]}]
Capabilities {acceptInsecureCerts: false, browserName: chrome, browserVersion: 107.0.5304.107, chrome: {chromedriverVersion: 107.0.5304.62 (1eec40d3a576..., userDataDir: C:\Users\harsm\AppData\Loca...}, goog:chromeOptions: {debuggerAddress: localhost:52996}, networkConnectionEnabled: false, pageLoadStrategy: normal, platformName: WINDOWS, proxy: Proxy(), se:cdp: ws://localhost:52996/devtoo..., se:cdpVersion: 107.0.5304.107, setWindowRect: true, strictFileInteractability: false, timeouts: {implicit: 0, pageLoad: 300000, script: 30000}, unhandledPromptBehavior: dismiss and notify, webauthn:extension:credBlob: true, webauthn:extension:largeBlob: true, webauthn:virtualAuthenticators: true}
Session ID: 528eed4cb0e14eb833513ec1d9baefb0
	at org.openqa.selenium.remote.codec.w3c.W3CHttpResponseCodec.createException(W3CHttpResponseCodec.java:200)
	at org.openqa.selenium.remote.codec.w3c.W3CHttpResponseCodec.decode(W3CHttpResponseCodec.java:133)
	at org.openqa.selenium.remote.codec.w3c.W3CHttpResponseCodec.decode(W3CHttpResponseCodec.java:53)
	at org.openqa.selenium.remote.HttpCommandExecutor.execute(HttpCommandExecutor.java:184)
	at org.openqa.selenium.remote.service.DriverCommandExecutor.invokeExecute(DriverCommandExecutor.java:167)
	at org.openqa.selenium.remote.service.DriverCommandExecutor.execute(DriverCommandExecutor.java:142)
	at org.openqa.selenium.remote.RemoteWebDriver.execute(RemoteWebDriver.java:541)
	at org.openqa.selenium.remote.ElementLocation$ElementFinder$2.findElement(ElementLocation.java:162)
	at org.openqa.selenium.remote.ElementLocation.findElement(ElementLocation.java:60)
	at org.openqa.selenium.remote.RemoteWebDriver.findElement(RemoteWebDriver.java:365)
	at org.openqa.selenium.remote.RemoteWebDriver.findElement(RemoteWebDriver.java:357)
	at DAY4.DataDrivenLogin.Test(DataDrivenLogin.java:42)
	at java.base/java.util.ArrayList.forEach(ArrayList.java:1541)
... Removed 35 stack frames</div></td></tr></table><p class="totop"><a href="#summary">back to summary</a></p>
<h3 id="m19">DAY4.DdtExample#login</h3><table class="result"><tr class="param"><th>Parameter #1</th><th>Parameter #2</th></tr><tr class="param stripe"><td>samplemukesh2@gmail.com</td><td>Mukesh1234</td></tr><tr><th colspan="2">Exception</th></tr><tr><td colspan="2"><div class="stacktrace">org.openqa.selenium.NoSuchElementException: no such element: Unable to locate element: {&quot;method&quot;:&quot;xpath&quot;,&quot;selector&quot;:&quot;//button[normalize-space()=&apos;Sign out&apos;]&quot;}
  (Session info: chrome=107.0.5304.107)
For documentation on this error, please visit: https://selenium.dev/exceptions/#no_such_element
Build info: version: &apos;4.6.0&apos;, revision: &apos;79f1c02ae20&apos;
System info: os.name: &apos;Windows 11&apos;, os.arch: &apos;amd64&apos;, os.version: &apos;10.0&apos;, java.version: &apos;11.0.16.1&apos;
Driver info: org.openqa.selenium.chrome.ChromeDriver
Command: [4b5077d8ac154309babce03f02874306, findElement {using=xpath, value=//button[normalize-space()=&apos;Sign out&apos;]}]
Capabilities {acceptInsecureCerts: false, browserName: chrome, browserVersion: 107.0.5304.107, chrome: {chromedriverVersion: 107.0.5304.62 (1eec40d3a576..., userDataDir: C:\Users\harsm\AppData\Loca...}, goog:chromeOptions: {debuggerAddress: localhost:52882}, networkConnectionEnabled: false, pageLoadStrategy: normal, platformName: WINDOWS, proxy: Proxy(), se:cdp: ws://localhost:52882/devtoo..., se:cdpVersion: 107.0.5304.107, setWindowRect: true, strictFileInteractability: false, timeouts: {implicit: 0, pageLoad: 300000, script: 30000}, unhandledPromptBehavior: dismiss and notify, webauthn:extension:credBlob: true, webauthn:extension:largeBlob: true, webauthn:virtualAuthenticators: true}
Session ID: 4b5077d8ac154309babce03f02874306
	at org.openqa.selenium.remote.codec.w3c.W3CHttpResponseCodec.createException(W3CHttpResponseCodec.java:200)
	at org.openqa.selenium.remote.codec.w3c.W3CHttpResponseCodec.decode(W3CHttpResponseCodec.java:133)
	at org.openqa.selenium.remote.codec.w3c.W3CHttpResponseCodec.decode(W3CHttpResponseCodec.java:53)
	at org.openqa.selenium.remote.HttpCommandExecutor.execute(HttpCommandExecutor.java:184)
	at org.openqa.selenium.remote.service.DriverCommandExecutor.invokeExecute(DriverCommandExecutor.java:167)
	at org.openqa.selenium.remote.service.DriverCommandExecutor.execute(DriverCommandExecutor.java:142)
	at org.openqa.selenium.remote.RemoteWebDriver.execute(RemoteWebDriver.java:541)
	at org.openqa.selenium.remote.ElementLocation$ElementFinder$2.findElement(ElementLocation.java:162)
	at org.openqa.selenium.remote.ElementLocation.findElement(ElementLocation.java:60)
	at org.openqa.selenium.remote.RemoteWebDriver.findElement(RemoteWebDriver.java:365)
	at org.openqa.selenium.remote.RemoteWebDriver.findElement(RemoteWebDriver.java:357)
	at DAY4.DdtExample.login(DdtExample.java:39)
	at java.base/java.util.ArrayList.forEach(ArrayList.java:1541)
... Removed 35 stack frames</div></td></tr></table><p class="totop"><a href="#summary">back to summary</a></p>
<h3 id="m20">DAY4.ReadingExcel#testData</h3><table class="result"><tr><th>Exception</th></tr><tr><td><div class="stacktrace">java.lang.NullPointerException
	at DAY4.ReadingExcel.testData(ReadingExcel.java:22)
	at java.base/java.util.ArrayList.forEach(ArrayList.java:1541)
... Removed 31 stack frames</div></td></tr></table><p class="totop"><a href="#summary">back to summary</a></p>
<h3 id="m21">DAY4.DataDrivenLogin#Test</h3><table class="result"><tr class="param"><th>Parameter #1</th><th>Parameter #2</th></tr><tr class="param stripe"><td>samplemukesh1@gmail.com</td><td>Mukesh1234</td></tr></table><p class="totop"><a href="#summary">back to summary</a></p>
<h3 id="m22">DAY4.DataDrivenLogin#Test</h3><table class="result"><tr class="param"><th>Parameter #1</th><th>Parameter #2</th></tr><tr class="param stripe"><td>sample9@gmail.com</td><td>Mukesh1234</td></tr></table><p class="totop"><a href="#summary">back to summary</a></p>
<h3 id="m23">DAY4.DataDrivenLogin#Test</h3><table class="result"><tr class="param"><th>Parameter #1</th><th>Parameter #2</th></tr><tr class="param stripe"><td>samplemukesh@gmail.com</td><td>Mukesh1234</td></tr></table><p class="totop"><a href="#summary">back to summary</a></p>
<h3 id="m24">DAY4.DdtExample#login</h3><table class="result"><tr class="param"><th>Parameter #1</th><th>Parameter #2</th></tr><tr class="param stripe"><td>sample9@gmail.com</td><td>Mukesh1234</td></tr></table><p class="totop"><a href="#summary">back to summary</a></p>
<h3 id="m25">DAY4.DdtExample#login</h3><table class="result"><tr class="param"><th>Parameter #1</th><th>Parameter #2</th></tr><tr class="param stripe"><td>samplemukesh1@gmail.com</td><td>Mukesh1234</td></tr></table><p class="totop"><a href="#summary">back to summary</a></p>
<h3 id="m26">DAY4.DdtExample#login</h3><table class="result"><tr class="param"><th>Parameter #1</th><th>Parameter #2</th></tr><tr class="param stripe"><td>samplemukesh@gmail.com</td><td>Mukesh1234</td></tr></table><p class="totop"><a href="#summary">back to summary</a></p>
<h3 id="m27">DAY4.ExcelLogin#Test</h3><table class="result"><tr class="param"><th>Parameter #1</th><th>Parameter #2</th></tr><tr class="param stripe"><td>samplemukesh1@gmail.com</td><td>Mukesh1234</td></tr></table><p class="totop"><a href="#summary">back to summary</a></p>
<h3 id="m28">DAY4.ExcelLogin#Test</h3><table class="result"><tr class="param"><th>Parameter #1</th><th>Parameter #2</th></tr><tr class="param stripe"><td>samplemukesh@gmail.com</td><td>Mukesh1234</td></tr></table><p class="totop"><a href="#summary">back to summary</a></p>
<h3 id="m29">DAY4.ExcelLogin#Test</h3><table class="result"><tr class="param"><th>Parameter #1</th><th>Parameter #2</th></tr><tr class="param stripe"><td>sample9@gmail.com</td><td>Mukesh1234</td></tr></table><p class="totop"><a href="#summary">back to summary</a></p>
</body>
</html>
