<?xml version="1.0" encoding="UTF-8"?>
<testng-results ignored="0" total="30" passed="27" failed="3" skipped="0">
  <reporter-output>
    <line>
      <![CDATA[Login Done]]>
    </line>
    <line>
      <![CDATA[Login Done]]>
    </line>
  </reporter-output>
  <suite started-at="2022-11-23T16:30:54 IST" name="Suite" finished-at="2022-11-23T16:31:35 IST" duration-ms="41265">
    <groups>
    </groups>
    <test started-at="2022-11-23T16:30:54 IST" name="Test" finished-at="2022-11-23T16:31:35 IST" duration-ms="41265">
      <class name="Report.TestClass1">
        <test-method is-config="true" signature="setup()[pri:0, instance:Report.TestClass1@741a8937]" started-at="2022-11-23T16:31:11 IST" name="setup" finished-at="2022-11-23T16:31:15 IST" duration-ms="3154" status="PASS">
          <reporter-output>
          </reporter-output>
        </test-method> <!-- setup -->
        <test-method signature="InvalidUsernameInvalidPassword()[pri:0, instance:Report.TestClass1@741a8937]" started-at="2022-11-23T16:31:15 IST" name="InvalidUsernameInvalidPassword" finished-at="2022-11-23T16:31:15 IST" duration-ms="702" status="PASS">
          <reporter-output>
          </reporter-output>
        </test-method> <!-- InvalidUsernameInvalidPassword -->
        <test-method is-config="true" signature="clearup()[pri:0, instance:Report.TestClass1@741a8937]" started-at="2022-11-23T16:31:15 IST" name="clearup" finished-at="2022-11-23T16:31:16 IST" duration-ms="179" status="PASS">
          <reporter-output>
          </reporter-output>
        </test-method> <!-- clearup -->
        <test-method is-config="true" signature="setup()[pri:0, instance:Report.TestClass1@741a8937]" started-at="2022-11-23T16:31:16 IST" name="setup" finished-at="2022-11-23T16:31:19 IST" duration-ms="3141" status="PASS">
          <reporter-output>
          </reporter-output>
        </test-method> <!-- setup -->
        <test-method signature="InvalidUsernamevalidPassword()[pri:0, instance:Report.TestClass1@741a8937]" started-at="2022-11-23T16:31:19 IST" name="InvalidUsernamevalidPassword" finished-at="2022-11-23T16:31:20 IST" duration-ms="865" status="PASS">
          <reporter-output>
          </reporter-output>
        </test-method> <!-- InvalidUsernamevalidPassword -->
        <test-method is-config="true" signature="clearup()[pri:0, instance:Report.TestClass1@741a8937]" started-at="2022-11-23T16:31:20 IST" name="clearup" finished-at="2022-11-23T16:31:20 IST" duration-ms="177" status="PASS">
          <reporter-output>
          </reporter-output>
        </test-method> <!-- clearup -->
        <test-method is-config="true" signature="setup()[pri:0, instance:Report.TestClass1@741a8937]" started-at="2022-11-23T16:31:20 IST" name="setup" finished-at="2022-11-23T16:31:23 IST" duration-ms="3240" status="PASS">
          <reporter-output>
          </reporter-output>
        </test-method> <!-- setup -->
        <test-method signature="noDetails()[pri:0, instance:Report.TestClass1@741a8937]" started-at="2022-11-23T16:31:23 IST" name="noDetails" finished-at="2022-11-23T16:31:23 IST" duration-ms="69" status="PASS">
          <reporter-output>
          </reporter-output>
        </test-method> <!-- noDetails -->
        <test-method is-config="true" signature="clearup()[pri:0, instance:Report.TestClass1@741a8937]" started-at="2022-11-23T16:31:23 IST" name="clearup" finished-at="2022-11-23T16:31:23 IST" duration-ms="176" status="PASS">
          <reporter-output>
          </reporter-output>
        </test-method> <!-- clearup -->
        <test-method is-config="true" signature="setup()[pri:0, instance:Report.TestClass1@741a8937]" started-at="2022-11-23T16:31:23 IST" name="setup" finished-at="2022-11-23T16:31:26 IST" duration-ms="3167" status="PASS">
          <reporter-output>
          </reporter-output>
        </test-method> <!-- setup -->
        <test-method signature="validCredentials()[pri:0, instance:Report.TestClass1@741a8937]" started-at="2022-11-23T16:31:26 IST" name="validCredentials" finished-at="2022-11-23T16:31:30 IST" duration-ms="4001" status="PASS">
          <reporter-output>
          </reporter-output>
        </test-method> <!-- validCredentials -->
        <test-method is-config="true" signature="clearup()[pri:0, instance:Report.TestClass1@741a8937]" started-at="2022-11-23T16:31:30 IST" name="clearup" finished-at="2022-11-23T16:31:31 IST" duration-ms="179" status="PASS">
          <reporter-output>
          </reporter-output>
        </test-method> <!-- clearup -->
        <test-method is-config="true" signature="setup()[pri:0, instance:Report.TestClass1@741a8937]" started-at="2022-11-23T16:31:31 IST" name="setup" finished-at="2022-11-23T16:31:34 IST" duration-ms="3307" status="PASS">
          <reporter-output>
          </reporter-output>
        </test-method> <!-- setup -->
        <test-method signature="validUsernameInvalidPassword()[pri:0, instance:Report.TestClass1@741a8937]" started-at="2022-11-23T16:31:34 IST" name="validUsernameInvalidPassword" finished-at="2022-11-23T16:31:35 IST" duration-ms="1305" status="PASS">
          <reporter-output>
          </reporter-output>
        </test-method> <!-- validUsernameInvalidPassword -->
        <test-method is-config="true" signature="clearup()[pri:0, instance:Report.TestClass1@741a8937]" started-at="2022-11-23T16:31:35 IST" name="clearup" finished-at="2022-11-23T16:31:35 IST" duration-ms="162" status="PASS">
          <reporter-output>
          </reporter-output>
        </test-method> <!-- clearup -->
      </class> <!-- Report.TestClass1 -->
      <class name="Report.MyFirstTestNG">
        <test-method signature="login()[pri:0, instance:Report.MyFirstTestNG@e15b7e8]" started-at="2022-11-23T16:31:35 IST" name="login" finished-at="2022-11-23T16:31:35 IST" duration-ms="1" status="PASS">
          <reporter-output>
            <line>
              <![CDATA[Login Done]]>
            </line>
          </reporter-output>
        </test-method> <!-- login -->
        <test-method signature="logoutFormApplication()[pri:0, instance:Report.MyFirstTestNG@e15b7e8]" started-at="2022-11-23T16:31:35 IST" name="logoutFormApplication" finished-at="2022-11-23T16:31:35 IST" depends-on-methods="Report.MyFirstTestNG.login" duration-ms="0" status="PASS">
          <reporter-output>
          </reporter-output>
        </test-method> <!-- logoutFormApplication -->
      </class> <!-- Report.MyFirstTestNG -->
      <class name="Report.LoginTest">
        <test-method is-config="true" signature="setup()[pri:0, instance:Report.LoginTest@74751b3]" started-at="2022-11-23T16:30:54 IST" name="setup" finished-at="2022-11-23T16:30:58 IST" duration-ms="4359" status="PASS">
          <reporter-output>
          </reporter-output>
        </test-method> <!-- setup -->
        <test-method signature="invalidUsernameandPassword()[pri:0, instance:Report.LoginTest@74751b3]" started-at="2022-11-23T16:30:58 IST" name="invalidUsernameandPassword" finished-at="2022-11-23T16:31:04 IST" duration-ms="5679" status="PASS">
          <reporter-output>
          </reporter-output>
        </test-method> <!-- invalidUsernameandPassword -->
        <test-method is-config="true" signature="tearDown()[pri:0, instance:Report.LoginTest@74751b3]" started-at="2022-11-23T16:31:04 IST" name="tearDown" finished-at="2022-11-23T16:31:04 IST" duration-ms="249" status="PASS">
          <reporter-output>
          </reporter-output>
        </test-method> <!-- tearDown -->
        <test-method is-config="true" signature="setup()[pri:0, instance:Report.LoginTest@74751b3]" started-at="2022-11-23T16:31:04 IST" name="setup" finished-at="2022-11-23T16:31:08 IST" duration-ms="3383" status="PASS">
          <reporter-output>
          </reporter-output>
        </test-method> <!-- setup -->
        <test-method signature="validUsernameandPassword()[pri:0, instance:Report.LoginTest@74751b3]" started-at="2022-11-23T16:31:08 IST" name="validUsernameandPassword" finished-at="2022-11-23T16:31:11 IST" duration-ms="3554" status="PASS">
          <reporter-output>
          </reporter-output>
        </test-method> <!-- validUsernameandPassword -->
        <test-method is-config="true" signature="tearDown()[pri:0, instance:Report.LoginTest@74751b3]" started-at="2022-11-23T16:31:11 IST" name="tearDown" finished-at="2022-11-23T16:31:11 IST" duration-ms="178" status="PASS">
          <reporter-output>
          </reporter-output>
        </test-method> <!-- tearDown -->
      </class> <!-- Report.LoginTest -->
    </test> <!-- Test -->
  </suite> <!-- Suite -->
  <suite started-at="2022-11-23T16:32:48 IST" name="Suite (1)" finished-at="2022-11-23T16:33:10 IST" duration-ms="22471">
    <groups>
    </groups>
    <test started-at="2022-11-23T16:32:48 IST" name="Test" finished-at="2022-11-23T16:33:10 IST" duration-ms="22471">
      <class name="Report.TestClass1">
        <test-method is-config="true" signature="setup()[pri:0, instance:Report.TestClass1@3012646b]" started-at="2022-11-23T16:32:48 IST" name="setup" finished-at="2022-11-23T16:32:51 IST" duration-ms="3311" status="PASS">
          <reporter-output>
          </reporter-output>
        </test-method> <!-- setup -->
        <test-method signature="InvalidUsernameInvalidPassword()[pri:0, instance:Report.TestClass1@3012646b]" started-at="2022-11-23T16:32:51 IST" name="InvalidUsernameInvalidPassword" finished-at="2022-11-23T16:32:52 IST" duration-ms="848" status="PASS">
          <reporter-output>
          </reporter-output>
        </test-method> <!-- InvalidUsernameInvalidPassword -->
        <test-method is-config="true" signature="clearup()[pri:0, instance:Report.TestClass1@3012646b]" started-at="2022-11-23T16:32:52 IST" name="clearup" finished-at="2022-11-23T16:32:52 IST" duration-ms="159" status="PASS">
          <reporter-output>
          </reporter-output>
        </test-method> <!-- clearup -->
        <test-method is-config="true" signature="setup()[pri:0, instance:Report.TestClass1@3012646b]" started-at="2022-11-23T16:32:52 IST" name="setup" finished-at="2022-11-23T16:32:55 IST" duration-ms="3151" status="PASS">
          <reporter-output>
          </reporter-output>
        </test-method> <!-- setup -->
        <test-method signature="InvalidUsernamevalidPassword()[pri:0, instance:Report.TestClass1@3012646b]" started-at="2022-11-23T16:32:55 IST" name="InvalidUsernamevalidPassword" finished-at="2022-11-23T16:32:56 IST" duration-ms="684" status="PASS">
          <reporter-output>
          </reporter-output>
        </test-method> <!-- InvalidUsernamevalidPassword -->
        <test-method is-config="true" signature="clearup()[pri:0, instance:Report.TestClass1@3012646b]" started-at="2022-11-23T16:32:56 IST" name="clearup" finished-at="2022-11-23T16:32:56 IST" duration-ms="168" status="PASS">
          <reporter-output>
          </reporter-output>
        </test-method> <!-- clearup -->
        <test-method is-config="true" signature="setup()[pri:0, instance:Report.TestClass1@3012646b]" started-at="2022-11-23T16:32:56 IST" name="setup" finished-at="2022-11-23T16:32:59 IST" duration-ms="3130" status="PASS">
          <reporter-output>
          </reporter-output>
        </test-method> <!-- setup -->
        <test-method signature="noDetails()[pri:0, instance:Report.TestClass1@3012646b]" started-at="2022-11-23T16:32:59 IST" name="noDetails" finished-at="2022-11-23T16:32:59 IST" duration-ms="69" status="PASS">
          <reporter-output>
          </reporter-output>
        </test-method> <!-- noDetails -->
        <test-method is-config="true" signature="clearup()[pri:0, instance:Report.TestClass1@3012646b]" started-at="2022-11-23T16:32:59 IST" name="clearup" finished-at="2022-11-23T16:33:00 IST" duration-ms="158" status="PASS">
          <reporter-output>
          </reporter-output>
        </test-method> <!-- clearup -->
        <test-method is-config="true" signature="setup()[pri:0, instance:Report.TestClass1@3012646b]" started-at="2022-11-23T16:33:00 IST" name="setup" finished-at="2022-11-23T16:33:03 IST" duration-ms="3337" status="PASS">
          <reporter-output>
          </reporter-output>
        </test-method> <!-- setup -->
        <test-method signature="validCredentials()[pri:0, instance:Report.TestClass1@3012646b]" started-at="2022-11-23T16:33:03 IST" name="validCredentials" finished-at="2022-11-23T16:33:06 IST" duration-ms="3052" status="PASS">
          <reporter-output>
          </reporter-output>
        </test-method> <!-- validCredentials -->
        <test-method is-config="true" signature="clearup()[pri:0, instance:Report.TestClass1@3012646b]" started-at="2022-11-23T16:33:06 IST" name="clearup" finished-at="2022-11-23T16:33:06 IST" duration-ms="153" status="PASS">
          <reporter-output>
          </reporter-output>
        </test-method> <!-- clearup -->
        <test-method is-config="true" signature="setup()[pri:0, instance:Report.TestClass1@3012646b]" started-at="2022-11-23T16:33:06 IST" name="setup" finished-at="2022-11-23T16:33:09 IST" duration-ms="3193" status="PASS">
          <reporter-output>
          </reporter-output>
        </test-method> <!-- setup -->
        <test-method signature="validUsernameInvalidPassword()[pri:0, instance:Report.TestClass1@3012646b]" started-at="2022-11-23T16:33:09 IST" name="validUsernameInvalidPassword" finished-at="2022-11-23T16:33:10 IST" duration-ms="869" status="PASS">
          <reporter-output>
          </reporter-output>
        </test-method> <!-- validUsernameInvalidPassword -->
        <test-method is-config="true" signature="clearup()[pri:0, instance:Report.TestClass1@3012646b]" started-at="2022-11-23T16:33:10 IST" name="clearup" finished-at="2022-11-23T16:33:10 IST" duration-ms="181" status="PASS">
          <reporter-output>
          </reporter-output>
        </test-method> <!-- clearup -->
      </class> <!-- Report.TestClass1 -->
      <class name="Report.LoginTest">
        <test-method is-config="true" signature="setup()[pri:0, instance:Report.LoginTest@52719fb6]" started-at="2022-11-23T16:32:48 IST" name="setup" finished-at="2022-11-23T16:32:51 IST" duration-ms="3489" status="PASS">
          <reporter-output>
          </reporter-output>
        </test-method> <!-- setup -->
        <test-method signature="invalidUsernameandPassword()[pri:0, instance:Report.LoginTest@52719fb6]" started-at="2022-11-23T16:32:51 IST" name="invalidUsernameandPassword" finished-at="2022-11-23T16:32:57 IST" duration-ms="5677" status="PASS">
          <reporter-output>
          </reporter-output>
        </test-method> <!-- invalidUsernameandPassword -->
        <test-method is-config="true" signature="tearDown()[pri:0, instance:Report.LoginTest@52719fb6]" started-at="2022-11-23T16:32:57 IST" name="tearDown" finished-at="2022-11-23T16:32:57 IST" duration-ms="176" status="PASS">
          <reporter-output>
          </reporter-output>
        </test-method> <!-- tearDown -->
        <test-method is-config="true" signature="setup()[pri:0, instance:Report.LoginTest@52719fb6]" started-at="2022-11-23T16:32:57 IST" name="setup" finished-at="2022-11-23T16:33:00 IST" duration-ms="3325" status="PASS">
          <reporter-output>
          </reporter-output>
        </test-method> <!-- setup -->
        <test-method signature="validUsernameandPassword()[pri:0, instance:Report.LoginTest@52719fb6]" started-at="2022-11-23T16:33:00 IST" name="validUsernameandPassword" finished-at="2022-11-23T16:33:04 IST" duration-ms="3305" status="PASS">
          <reporter-output>
          </reporter-output>
        </test-method> <!-- validUsernameandPassword -->
        <test-method is-config="true" signature="tearDown()[pri:0, instance:Report.LoginTest@52719fb6]" started-at="2022-11-23T16:33:04 IST" name="tearDown" finished-at="2022-11-23T16:33:04 IST" duration-ms="213" status="PASS">
          <reporter-output>
          </reporter-output>
        </test-method> <!-- tearDown -->
      </class> <!-- Report.LoginTest -->
      <class name="Report.MyFirstTestNG">
        <test-method signature="login()[pri:0, instance:Report.MyFirstTestNG@25641d39]" started-at="2022-11-23T16:33:04 IST" name="login" finished-at="2022-11-23T16:33:04 IST" duration-ms="0" status="PASS">
          <reporter-output>
            <line>
              <![CDATA[Login Done]]>
            </line>
          </reporter-output>
        </test-method> <!-- login -->
        <test-method signature="logoutFormApplication()[pri:0, instance:Report.MyFirstTestNG@25641d39]" started-at="2022-11-23T16:33:04 IST" name="logoutFormApplication" finished-at="2022-11-23T16:33:04 IST" depends-on-methods="Report.MyFirstTestNG.login" duration-ms="0" status="PASS">
          <reporter-output>
          </reporter-output>
        </test-method> <!-- logoutFormApplication -->
      </class> <!-- Report.MyFirstTestNG -->
    </test> <!-- Test -->
  </suite> <!-- Suite (1) -->
  <suite started-at="2022-11-23T16:31:35 IST" name="Suite (0)" finished-at="2022-11-23T16:32:48 IST" duration-ms="72466">
    <groups>
    </groups>
    <test started-at="2022-11-23T16:31:35 IST" name="Test" finished-at="2022-11-23T16:32:48 IST" duration-ms="72466">
      <class name="DAY4.ExcelLogin">
        <test-method is-config="true" signature="setup()[pri:0, instance:DAY4.ExcelLogin@2e3967ea]" started-at="2022-11-23T16:31:36 IST" name="setup" finished-at="2022-11-23T16:31:37 IST" duration-ms="1301" status="PASS">
          <reporter-output>
          </reporter-output>
        </test-method> <!-- setup -->
        <test-method signature="Test(java.lang.String,java.lang.String)[pri:0, instance:DAY4.ExcelLogin@2e3967ea]" started-at="2022-11-23T16:31:37 IST" name="Test" data-provider="TestData" finished-at="2022-11-23T16:31:39 IST" duration-ms="1710" status="PASS">
          <params>
            <param index="0">
              <value>
                <![CDATA[sample9@gmail.com]]>
              </value>
            </param>
            <param index="1">
              <value>
                <![CDATA[Mukesh1234]]>
              </value>
            </param>
          </params>
          <reporter-output>
          </reporter-output>
        </test-method> <!-- Test -->
        <test-method is-config="true" signature="Clearup()[pri:0, instance:DAY4.ExcelLogin@2e3967ea]" started-at="2022-11-23T16:31:39 IST" name="Clearup" finished-at="2022-11-23T16:31:39 IST" duration-ms="174" status="PASS">
          <reporter-output>
          </reporter-output>
        </test-method> <!-- Clearup -->
        <test-method is-config="true" signature="setup()[pri:0, instance:DAY4.ExcelLogin@2e3967ea]" started-at="2022-11-23T16:31:39 IST" name="setup" finished-at="2022-11-23T16:31:40 IST" duration-ms="1294" status="PASS">
          <reporter-output>
          </reporter-output>
        </test-method> <!-- setup -->
        <test-method signature="Test(java.lang.String,java.lang.String)[pri:0, instance:DAY4.ExcelLogin@2e3967ea]" started-at="2022-11-23T16:31:40 IST" name="Test" data-provider="TestData" finished-at="2022-11-23T16:31:42 IST" duration-ms="1686" status="PASS">
          <params>
            <param index="0">
              <value>
                <![CDATA[samplemukesh@gmail.com]]>
              </value>
            </param>
            <param index="1">
              <value>
                <![CDATA[Mukesh1234]]>
              </value>
            </param>
          </params>
          <reporter-output>
          </reporter-output>
        </test-method> <!-- Test -->
        <test-method is-config="true" signature="Clearup()[pri:0, instance:DAY4.ExcelLogin@2e3967ea]" started-at="2022-11-23T16:31:42 IST" name="Clearup" finished-at="2022-11-23T16:31:42 IST" duration-ms="178" status="PASS">
          <reporter-output>
          </reporter-output>
        </test-method> <!-- Clearup -->
        <test-method is-config="true" signature="setup()[pri:0, instance:DAY4.ExcelLogin@2e3967ea]" started-at="2022-11-23T16:31:42 IST" name="setup" finished-at="2022-11-23T16:31:43 IST" duration-ms="1361" status="PASS">
          <reporter-output>
          </reporter-output>
        </test-method> <!-- setup -->
        <test-method signature="Test(java.lang.String,java.lang.String)[pri:0, instance:DAY4.ExcelLogin@2e3967ea]" started-at="2022-11-23T16:31:43 IST" name="Test" data-provider="TestData" finished-at="2022-11-23T16:31:45 IST" duration-ms="1675" status="PASS">
          <params>
            <param index="0">
              <value>
                <![CDATA[samplemukesh1@gmail.com]]>
              </value>
            </param>
            <param index="1">
              <value>
                <![CDATA[Mukesh1234]]>
              </value>
            </param>
          </params>
          <reporter-output>
          </reporter-output>
        </test-method> <!-- Test -->
        <test-method is-config="true" signature="Clearup()[pri:0, instance:DAY4.ExcelLogin@2e3967ea]" started-at="2022-11-23T16:31:45 IST" name="Clearup" finished-at="2022-11-23T16:31:45 IST" duration-ms="166" status="PASS">
          <reporter-output>
          </reporter-output>
        </test-method> <!-- Clearup -->
      </class> <!-- DAY4.ExcelLogin -->
      <class name="DAY4.ReadingExcel">
        <test-method signature="testData()[pri:0, instance:DAY4.ReadingExcel@70e9c95d]" started-at="2022-11-23T16:31:45 IST" name="testData" finished-at="2022-11-23T16:31:45 IST" duration-ms="21" status="FAIL">
          <exception class="java.lang.NullPointerException">
            <full-stacktrace>
              <![CDATA[java.lang.NullPointerException
at DAY4.ReadingExcel.testData(ReadingExcel.java:22)
at java.base/jdk.internal.reflect.NativeMethodAccessorImpl.invoke0(Native Method)
at java.base/jdk.internal.reflect.NativeMethodAccessorImpl.invoke(NativeMethodAccessorImpl.java:62)
at java.base/jdk.internal.reflect.DelegatingMethodAccessorImpl.invoke(DelegatingMethodAccessorImpl.java:43)
at java.base/java.lang.reflect.Method.invoke(Method.java:566)
at org.testng.internal.MethodInvocationHelper.invokeMethod(MethodInvocationHelper.java:133)
at org.testng.internal.TestInvoker.invokeMethod(TestInvoker.java:598)
at org.testng.internal.TestInvoker.invokeTestMethod(TestInvoker.java:173)
at org.testng.internal.MethodRunner.runInSequence(MethodRunner.java:46)
at org.testng.internal.TestInvoker$MethodInvocationAgent.invoke(TestInvoker.java:824)
at org.testng.internal.TestInvoker.invokeTestMethods(TestInvoker.java:146)
at org.testng.internal.TestMethodWorker.invokeTestMethods(TestMethodWorker.java:146)
at org.testng.internal.TestMethodWorker.run(TestMethodWorker.java:128)
at java.base/java.util.ArrayList.forEach(ArrayList.java:1541)
at org.testng.TestRunner.privateRun(TestRunner.java:794)
at org.testng.TestRunner.run(TestRunner.java:596)
at org.testng.SuiteRunner.runTest(SuiteRunner.java:377)
at org.testng.SuiteRunner.runSequentially(SuiteRunner.java:371)
at org.testng.SuiteRunner.privateRun(SuiteRunner.java:332)
at org.testng.SuiteRunner.run(SuiteRunner.java:276)
at org.testng.SuiteRunnerWorker.runSuite(SuiteRunnerWorker.java:53)
at org.testng.SuiteRunnerWorker.run(SuiteRunnerWorker.java:96)
at org.testng.TestNG.runSuitesSequentially(TestNG.java:1212)
at org.testng.TestNG.runSuitesLocally(TestNG.java:1134)
at org.testng.TestNG.runSuites(TestNG.java:1063)
at org.testng.TestNG.run(TestNG.java:1031)
at org.apache.maven.surefire.testng.TestNGExecutor.run(TestNGExecutor.java:324)
at org.apache.maven.surefire.testng.TestNGXmlTestSuite.execute(TestNGXmlTestSuite.java:74)
at org.apache.maven.surefire.testng.TestNGProvider.invoke(TestNGProvider.java:123)
at org.apache.maven.surefire.booter.ForkedBooter.runSuitesInProcess(ForkedBooter.java:456)
at org.apache.maven.surefire.booter.ForkedBooter.execute(ForkedBooter.java:169)
at org.apache.maven.surefire.booter.ForkedBooter.run(ForkedBooter.java:595)
at org.apache.maven.surefire.booter.ForkedBooter.main(ForkedBooter.java:581)
]]>
            </full-stacktrace>
          </exception> <!-- java.lang.NullPointerException -->
          <reporter-output>
          </reporter-output>
        </test-method> <!-- testData -->
      </class> <!-- DAY4.ReadingExcel -->
      <class name="DAY4.DataDrivenLogin">
        <test-method is-config="true" signature="setup()[pri:0, instance:DAY4.DataDrivenLogin@a38c7fe]" started-at="2022-11-23T16:32:17 IST" name="setup" finished-at="2022-11-23T16:32:18 IST" duration-ms="1280" status="PASS">
          <reporter-output>
          </reporter-output>
        </test-method> <!-- setup -->
        <test-method signature="Test(java.lang.String,java.lang.String)[pri:0, instance:DAY4.DataDrivenLogin@a38c7fe]" started-at="2022-11-23T16:32:18 IST" name="Test" data-provider="TestData" finished-at="2022-11-23T16:32:20 IST" duration-ms="1681" status="PASS">
          <params>
            <param index="0">
              <value>
                <![CDATA[sample9@gmail.com]]>
              </value>
            </param>
            <param index="1">
              <value>
                <![CDATA[Mukesh1234]]>
              </value>
            </param>
          </params>
          <reporter-output>
          </reporter-output>
        </test-method> <!-- Test -->
        <test-method is-config="true" signature="Clearup()[pri:0, instance:DAY4.DataDrivenLogin@a38c7fe]" started-at="2022-11-23T16:32:20 IST" name="Clearup" finished-at="2022-11-23T16:32:20 IST" duration-ms="178" status="PASS">
          <reporter-output>
          </reporter-output>
        </test-method> <!-- Clearup -->
        <test-method is-config="true" signature="setup()[pri:0, instance:DAY4.DataDrivenLogin@a38c7fe]" started-at="2022-11-23T16:32:20 IST" name="setup" finished-at="2022-11-23T16:32:21 IST" duration-ms="1330" status="PASS">
          <reporter-output>
          </reporter-output>
        </test-method> <!-- setup -->
        <test-method signature="Test(java.lang.String,java.lang.String)[pri:0, instance:DAY4.DataDrivenLogin@a38c7fe]" started-at="2022-11-23T16:32:21 IST" name="Test" data-provider="TestData" finished-at="2022-11-23T16:32:23 IST" duration-ms="1681" status="PASS">
          <params>
            <param index="0">
              <value>
                <![CDATA[samplemukesh@gmail.com]]>
              </value>
            </param>
            <param index="1">
              <value>
                <![CDATA[Mukesh1234]]>
              </value>
            </param>
          </params>
          <reporter-output>
          </reporter-output>
        </test-method> <!-- Test -->
        <test-method is-config="true" signature="Clearup()[pri:0, instance:DAY4.DataDrivenLogin@a38c7fe]" started-at="2022-11-23T16:32:23 IST" name="Clearup" finished-at="2022-11-23T16:32:23 IST" duration-ms="185" status="PASS">
          <reporter-output>
          </reporter-output>
        </test-method> <!-- Clearup -->
        <test-method is-config="true" signature="setup()[pri:0, instance:DAY4.DataDrivenLogin@a38c7fe]" started-at="2022-11-23T16:32:23 IST" name="setup" finished-at="2022-11-23T16:32:24 IST" duration-ms="1271" status="PASS">
          <reporter-output>
          </reporter-output>
        </test-method> <!-- setup -->
        <test-method signature="Test(java.lang.String,java.lang.String)[pri:0, instance:DAY4.DataDrivenLogin@a38c7fe]" started-at="2022-11-23T16:32:24 IST" name="Test" data-provider="TestData" finished-at="2022-11-23T16:32:26 IST" duration-ms="1687" status="PASS">
          <params>
            <param index="0">
              <value>
                <![CDATA[samplemukesh1@gmail.com]]>
              </value>
            </param>
            <param index="1">
              <value>
                <![CDATA[Mukesh1234]]>
              </value>
            </param>
          </params>
          <reporter-output>
          </reporter-output>
        </test-method> <!-- Test -->
        <test-method is-config="true" signature="Clearup()[pri:0, instance:DAY4.DataDrivenLogin@a38c7fe]" started-at="2022-11-23T16:32:26 IST" name="Clearup" finished-at="2022-11-23T16:32:26 IST" duration-ms="165" status="PASS">
          <reporter-output>
          </reporter-output>
        </test-method> <!-- Clearup -->
        <test-method is-config="true" signature="setup()[pri:0, instance:DAY4.DataDrivenLogin@a38c7fe]" started-at="2022-11-23T16:32:26 IST" name="setup" finished-at="2022-11-23T16:32:27 IST" duration-ms="1264" status="PASS">
          <reporter-output>
          </reporter-output>
        </test-method> <!-- setup -->
        <test-method signature="Test(java.lang.String,java.lang.String)[pri:0, instance:DAY4.DataDrivenLogin@a38c7fe]" started-at="2022-11-23T16:32:27 IST" name="Test" data-provider="TestData" finished-at="2022-11-23T16:32:48 IST" duration-ms="20193" status="FAIL">
          <params>
            <param index="0">
              <value>
                <![CDATA[samplemukesh2@gmail.com]]>
              </value>
            </param>
            <param index="1">
              <value>
                <![CDATA[Mukesh1234]]>
              </value>
            </param>
          </params>
          <exception class="org.openqa.selenium.NoSuchElementException">
            <message>
              <![CDATA[no such element: Unable to locate element: {"method":"xpath","selector":"//button[normalize-space()='Sign out']"}
  (Session info: chrome=107.0.5304.107)
For documentation on this error, please visit: https://selenium.dev/exceptions/#no_such_element
Build info: version: '4.6.0', revision: '79f1c02ae20'
System info: os.name: 'Windows 11', os.arch: 'amd64', os.version: '10.0', java.version: '11.0.16.1'
Driver info: org.openqa.selenium.chrome.ChromeDriver
Command: [528eed4cb0e14eb833513ec1d9baefb0, findElement {using=xpath, value=//button[normalize-space()='Sign out']}]
Capabilities {acceptInsecureCerts: false, browserName: chrome, browserVersion: 107.0.5304.107, chrome: {chromedriverVersion: 107.0.5304.62 (1eec40d3a576..., userDataDir: C:\Users\harsm\AppData\Loca...}, goog:chromeOptions: {debuggerAddress: localhost:52996}, networkConnectionEnabled: false, pageLoadStrategy: normal, platformName: WINDOWS, proxy: Proxy(), se:cdp: ws://localhost:52996/devtoo..., se:cdpVersion: 107.0.5304.107, setWindowRect: true, strictFileInteractability: false, timeouts: {implicit: 0, pageLoad: 300000, script: 30000}, unhandledPromptBehavior: dismiss and notify, webauthn:extension:credBlob: true, webauthn:extension:largeBlob: true, webauthn:virtualAuthenticators: true}
Session ID: 528eed4cb0e14eb833513ec1d9baefb0]]>
            </message>
            <full-stacktrace>
              <![CDATA[org.openqa.selenium.NoSuchElementException: no such element: Unable to locate element: {"method":"xpath","selector":"//button[normalize-space()='Sign out']"}
  (Session info: chrome=107.0.5304.107)
For documentation on this error, please visit: https://selenium.dev/exceptions/#no_such_element
Build info: version: '4.6.0', revision: '79f1c02ae20'
System info: os.name: 'Windows 11', os.arch: 'amd64', os.version: '10.0', java.version: '11.0.16.1'
Driver info: org.openqa.selenium.chrome.ChromeDriver
Command: [528eed4cb0e14eb833513ec1d9baefb0, findElement {using=xpath, value=//button[normalize-space()='Sign out']}]
Capabilities {acceptInsecureCerts: false, browserName: chrome, browserVersion: 107.0.5304.107, chrome: {chromedriverVersion: 107.0.5304.62 (1eec40d3a576..., userDataDir: C:\Users\harsm\AppData\Loca...}, goog:chromeOptions: {debuggerAddress: localhost:52996}, networkConnectionEnabled: false, pageLoadStrategy: normal, platformName: WINDOWS, proxy: Proxy(), se:cdp: ws://localhost:52996/devtoo..., se:cdpVersion: 107.0.5304.107, setWindowRect: true, strictFileInteractability: false, timeouts: {implicit: 0, pageLoad: 300000, script: 30000}, unhandledPromptBehavior: dismiss and notify, webauthn:extension:credBlob: true, webauthn:extension:largeBlob: true, webauthn:virtualAuthenticators: true}
Session ID: 528eed4cb0e14eb833513ec1d9baefb0
at java.base/jdk.internal.reflect.NativeConstructorAccessorImpl.newInstance0(Native Method)
at java.base/jdk.internal.reflect.NativeConstructorAccessorImpl.newInstance(NativeConstructorAccessorImpl.java:62)
at java.base/jdk.internal.reflect.DelegatingConstructorAccessorImpl.newInstance(DelegatingConstructorAccessorImpl.java:45)
at java.base/java.lang.reflect.Constructor.newInstance(Constructor.java:490)
at org.openqa.selenium.remote.codec.w3c.W3CHttpResponseCodec.createException(W3CHttpResponseCodec.java:200)
at org.openqa.selenium.remote.codec.w3c.W3CHttpResponseCodec.decode(W3CHttpResponseCodec.java:133)
at org.openqa.selenium.remote.codec.w3c.W3CHttpResponseCodec.decode(W3CHttpResponseCodec.java:53)
at org.openqa.selenium.remote.HttpCommandExecutor.execute(HttpCommandExecutor.java:184)
at org.openqa.selenium.remote.service.DriverCommandExecutor.invokeExecute(DriverCommandExecutor.java:167)
at org.openqa.selenium.remote.service.DriverCommandExecutor.execute(DriverCommandExecutor.java:142)
at org.openqa.selenium.remote.RemoteWebDriver.execute(RemoteWebDriver.java:541)
at org.openqa.selenium.remote.ElementLocation$ElementFinder$2.findElement(ElementLocation.java:162)
at org.openqa.selenium.remote.ElementLocation.findElement(ElementLocation.java:60)
at org.openqa.selenium.remote.RemoteWebDriver.findElement(RemoteWebDriver.java:365)
at org.openqa.selenium.remote.RemoteWebDriver.findElement(RemoteWebDriver.java:357)
at DAY4.DataDrivenLogin.Test(DataDrivenLogin.java:42)
at java.base/jdk.internal.reflect.NativeMethodAccessorImpl.invoke0(Native Method)
at java.base/jdk.internal.reflect.NativeMethodAccessorImpl.invoke(NativeMethodAccessorImpl.java:62)
at java.base/jdk.internal.reflect.DelegatingMethodAccessorImpl.invoke(DelegatingMethodAccessorImpl.java:43)
at java.base/java.lang.reflect.Method.invoke(Method.java:566)
at org.testng.internal.MethodInvocationHelper.invokeMethod(MethodInvocationHelper.java:133)
at org.testng.internal.TestInvoker.invokeMethod(TestInvoker.java:598)
at org.testng.internal.TestInvoker.invokeTestMethod(TestInvoker.java:173)
at org.testng.internal.MethodRunner.runInSequence(MethodRunner.java:46)
at org.testng.internal.TestInvoker$MethodInvocationAgent.invoke(TestInvoker.java:824)
at org.testng.internal.TestInvoker.invokeTestMethods(TestInvoker.java:146)
at org.testng.internal.TestMethodWorker.invokeTestMethods(TestMethodWorker.java:146)
at org.testng.internal.TestMethodWorker.run(TestMethodWorker.java:128)
at java.base/java.util.ArrayList.forEach(ArrayList.java:1541)
at org.testng.TestRunner.privateRun(TestRunner.java:794)
at org.testng.TestRunner.run(TestRunner.java:596)
at org.testng.SuiteRunner.runTest(SuiteRunner.java:377)
at org.testng.SuiteRunner.runSequentially(SuiteRunner.java:371)
at org.testng.SuiteRunner.privateRun(SuiteRunner.java:332)
at org.testng.SuiteRunner.run(SuiteRunner.java:276)
at org.testng.SuiteRunnerWorker.runSuite(SuiteRunnerWorker.java:53)
at org.testng.SuiteRunnerWorker.run(SuiteRunnerWorker.java:96)
at org.testng.TestNG.runSuitesSequentially(TestNG.java:1212)
at org.testng.TestNG.runSuitesLocally(TestNG.java:1134)
at org.testng.TestNG.runSuites(TestNG.java:1063)
at org.testng.TestNG.run(TestNG.java:1031)
at org.apache.maven.surefire.testng.TestNGExecutor.run(TestNGExecutor.java:324)
at org.apache.maven.surefire.testng.TestNGXmlTestSuite.execute(TestNGXmlTestSuite.java:74)
at org.apache.maven.surefire.testng.TestNGProvider.invoke(TestNGProvider.java:123)
at org.apache.maven.surefire.booter.ForkedBooter.runSuitesInProcess(ForkedBooter.java:456)
at org.apache.maven.surefire.booter.ForkedBooter.execute(ForkedBooter.java:169)
at org.apache.maven.surefire.booter.ForkedBooter.run(ForkedBooter.java:595)
at org.apache.maven.surefire.booter.ForkedBooter.main(ForkedBooter.java:581)
]]>
            </full-stacktrace>
          </exception> <!-- org.openqa.selenium.NoSuchElementException -->
          <reporter-output>
          </reporter-output>
        </test-method> <!-- Test -->
        <test-method is-config="true" signature="Clearup()[pri:0, instance:DAY4.DataDrivenLogin@a38c7fe]" started-at="2022-11-23T16:32:48 IST" name="Clearup" finished-at="2022-11-23T16:32:48 IST" duration-ms="201" status="PASS">
          <reporter-output>
          </reporter-output>
        </test-method> <!-- Clearup -->
      </class> <!-- DAY4.DataDrivenLogin -->
      <class name="DAY4.DdtExample">
        <test-method is-config="true" signature="connect()[pri:0, instance:DAY4.DdtExample@4d5650ae]" started-at="2022-11-23T16:31:45 IST" name="connect" finished-at="2022-11-23T16:31:47 IST" duration-ms="1273" status="PASS">
          <reporter-output>
          </reporter-output>
        </test-method> <!-- connect -->
        <test-method signature="login(java.lang.String,java.lang.String)[pri:0, instance:DAY4.DdtExample@4d5650ae]" started-at="2022-11-23T16:31:47 IST" name="login" data-provider="testdata" finished-at="2022-11-23T16:31:48 IST" duration-ms="1681" status="PASS">
          <params>
            <param index="0">
              <value>
                <![CDATA[sample9@gmail.com]]>
              </value>
            </param>
            <param index="1">
              <value>
                <![CDATA[Mukesh1234]]>
              </value>
            </param>
          </params>
          <reporter-output>
          </reporter-output>
        </test-method> <!-- login -->
        <test-method is-config="true" signature="teardown()[pri:0, instance:DAY4.DdtExample@4d5650ae]" started-at="2022-11-23T16:31:48 IST" name="teardown" finished-at="2022-11-23T16:31:48 IST" duration-ms="138" status="PASS">
          <reporter-output>
          </reporter-output>
        </test-method> <!-- teardown -->
        <test-method is-config="true" signature="connect()[pri:0, instance:DAY4.DdtExample@4d5650ae]" started-at="2022-11-23T16:31:48 IST" name="connect" finished-at="2022-11-23T16:31:50 IST" duration-ms="1820" status="PASS">
          <reporter-output>
          </reporter-output>
        </test-method> <!-- connect -->
        <test-method signature="login(java.lang.String,java.lang.String)[pri:0, instance:DAY4.DdtExample@4d5650ae]" started-at="2022-11-23T16:31:50 IST" name="login" data-provider="testdata" finished-at="2022-11-23T16:31:52 IST" duration-ms="1622" status="PASS">
          <params>
            <param index="0">
              <value>
                <![CDATA[samplemukesh@gmail.com]]>
              </value>
            </param>
            <param index="1">
              <value>
                <![CDATA[Mukesh1234]]>
              </value>
            </param>
          </params>
          <reporter-output>
          </reporter-output>
        </test-method> <!-- login -->
        <test-method is-config="true" signature="teardown()[pri:0, instance:DAY4.DdtExample@4d5650ae]" started-at="2022-11-23T16:31:52 IST" name="teardown" finished-at="2022-11-23T16:31:52 IST" duration-ms="121" status="PASS">
          <reporter-output>
          </reporter-output>
        </test-method> <!-- teardown -->
        <test-method is-config="true" signature="connect()[pri:0, instance:DAY4.DdtExample@4d5650ae]" started-at="2022-11-23T16:31:52 IST" name="connect" finished-at="2022-11-23T16:31:53 IST" duration-ms="1240" status="PASS">
          <reporter-output>
          </reporter-output>
        </test-method> <!-- connect -->
        <test-method signature="login(java.lang.String,java.lang.String)[pri:0, instance:DAY4.DdtExample@4d5650ae]" started-at="2022-11-23T16:31:53 IST" name="login" data-provider="testdata" finished-at="2022-11-23T16:31:55 IST" duration-ms="1626" status="PASS">
          <params>
            <param index="0">
              <value>
                <![CDATA[samplemukesh1@gmail.com]]>
              </value>
            </param>
            <param index="1">
              <value>
                <![CDATA[Mukesh1234]]>
              </value>
            </param>
          </params>
          <reporter-output>
          </reporter-output>
        </test-method> <!-- login -->
        <test-method is-config="true" signature="teardown()[pri:0, instance:DAY4.DdtExample@4d5650ae]" started-at="2022-11-23T16:31:55 IST" name="teardown" finished-at="2022-11-23T16:31:55 IST" duration-ms="183" status="PASS">
          <reporter-output>
          </reporter-output>
        </test-method> <!-- teardown -->
        <test-method is-config="true" signature="connect()[pri:0, instance:DAY4.DdtExample@4d5650ae]" started-at="2022-11-23T16:31:55 IST" name="connect" finished-at="2022-11-23T16:31:56 IST" duration-ms="1327" status="PASS">
          <reporter-output>
          </reporter-output>
        </test-method> <!-- connect -->
        <test-method signature="login(java.lang.String,java.lang.String)[pri:0, instance:DAY4.DdtExample@4d5650ae]" started-at="2022-11-23T16:31:56 IST" name="login" data-provider="testdata" finished-at="2022-11-23T16:32:17 IST" duration-ms="20225" status="FAIL">
          <params>
            <param index="0">
              <value>
                <![CDATA[samplemukesh2@gmail.com]]>
              </value>
            </param>
            <param index="1">
              <value>
                <![CDATA[Mukesh1234]]>
              </value>
            </param>
          </params>
          <exception class="org.openqa.selenium.NoSuchElementException">
            <message>
              <![CDATA[no such element: Unable to locate element: {"method":"xpath","selector":"//button[normalize-space()='Sign out']"}
  (Session info: chrome=107.0.5304.107)
For documentation on this error, please visit: https://selenium.dev/exceptions/#no_such_element
Build info: version: '4.6.0', revision: '79f1c02ae20'
System info: os.name: 'Windows 11', os.arch: 'amd64', os.version: '10.0', java.version: '11.0.16.1'
Driver info: org.openqa.selenium.chrome.ChromeDriver
Command: [4b5077d8ac154309babce03f02874306, findElement {using=xpath, value=//button[normalize-space()='Sign out']}]
Capabilities {acceptInsecureCerts: false, browserName: chrome, browserVersion: 107.0.5304.107, chrome: {chromedriverVersion: 107.0.5304.62 (1eec40d3a576..., userDataDir: C:\Users\harsm\AppData\Loca...}, goog:chromeOptions: {debuggerAddress: localhost:52882}, networkConnectionEnabled: false, pageLoadStrategy: normal, platformName: WINDOWS, proxy: Proxy(), se:cdp: ws://localhost:52882/devtoo..., se:cdpVersion: 107.0.5304.107, setWindowRect: true, strictFileInteractability: false, timeouts: {implicit: 0, pageLoad: 300000, script: 30000}, unhandledPromptBehavior: dismiss and notify, webauthn:extension:credBlob: true, webauthn:extension:largeBlob: true, webauthn:virtualAuthenticators: true}
Session ID: 4b5077d8ac154309babce03f02874306]]>
            </message>
            <full-stacktrace>
              <![CDATA[org.openqa.selenium.NoSuchElementException: no such element: Unable to locate element: {"method":"xpath","selector":"//button[normalize-space()='Sign out']"}
  (Session info: chrome=107.0.5304.107)
For documentation on this error, please visit: https://selenium.dev/exceptions/#no_such_element
Build info: version: '4.6.0', revision: '79f1c02ae20'
System info: os.name: 'Windows 11', os.arch: 'amd64', os.version: '10.0', java.version: '11.0.16.1'
Driver info: org.openqa.selenium.chrome.ChromeDriver
Command: [4b5077d8ac154309babce03f02874306, findElement {using=xpath, value=//button[normalize-space()='Sign out']}]
Capabilities {acceptInsecureCerts: false, browserName: chrome, browserVersion: 107.0.5304.107, chrome: {chromedriverVersion: 107.0.5304.62 (1eec40d3a576..., userDataDir: C:\Users\harsm\AppData\Loca...}, goog:chromeOptions: {debuggerAddress: localhost:52882}, networkConnectionEnabled: false, pageLoadStrategy: normal, platformName: WINDOWS, proxy: Proxy(), se:cdp: ws://localhost:52882/devtoo..., se:cdpVersion: 107.0.5304.107, setWindowRect: true, strictFileInteractability: false, timeouts: {implicit: 0, pageLoad: 300000, script: 30000}, unhandledPromptBehavior: dismiss and notify, webauthn:extension:credBlob: true, webauthn:extension:largeBlob: true, webauthn:virtualAuthenticators: true}
Session ID: 4b5077d8ac154309babce03f02874306
at java.base/jdk.internal.reflect.NativeConstructorAccessorImpl.newInstance0(Native Method)
at java.base/jdk.internal.reflect.NativeConstructorAccessorImpl.newInstance(NativeConstructorAccessorImpl.java:62)
at java.base/jdk.internal.reflect.DelegatingConstructorAccessorImpl.newInstance(DelegatingConstructorAccessorImpl.java:45)
at java.base/java.lang.reflect.Constructor.newInstance(Constructor.java:490)
at org.openqa.selenium.remote.codec.w3c.W3CHttpResponseCodec.createException(W3CHttpResponseCodec.java:200)
at org.openqa.selenium.remote.codec.w3c.W3CHttpResponseCodec.decode(W3CHttpResponseCodec.java:133)
at org.openqa.selenium.remote.codec.w3c.W3CHttpResponseCodec.decode(W3CHttpResponseCodec.java:53)
at org.openqa.selenium.remote.HttpCommandExecutor.execute(HttpCommandExecutor.java:184)
at org.openqa.selenium.remote.service.DriverCommandExecutor.invokeExecute(DriverCommandExecutor.java:167)
at org.openqa.selenium.remote.service.DriverCommandExecutor.execute(DriverCommandExecutor.java:142)
at org.openqa.selenium.remote.RemoteWebDriver.execute(RemoteWebDriver.java:541)
at org.openqa.selenium.remote.ElementLocation$ElementFinder$2.findElement(ElementLocation.java:162)
at org.openqa.selenium.remote.ElementLocation.findElement(ElementLocation.java:60)
at org.openqa.selenium.remote.RemoteWebDriver.findElement(RemoteWebDriver.java:365)
at org.openqa.selenium.remote.RemoteWebDriver.findElement(RemoteWebDriver.java:357)
at DAY4.DdtExample.login(DdtExample.java:39)
at java.base/jdk.internal.reflect.NativeMethodAccessorImpl.invoke0(Native Method)
at java.base/jdk.internal.reflect.NativeMethodAccessorImpl.invoke(NativeMethodAccessorImpl.java:62)
at java.base/jdk.internal.reflect.DelegatingMethodAccessorImpl.invoke(DelegatingMethodAccessorImpl.java:43)
at java.base/java.lang.reflect.Method.invoke(Method.java:566)
at org.testng.internal.MethodInvocationHelper.invokeMethod(MethodInvocationHelper.java:133)
at org.testng.internal.TestInvoker.invokeMethod(TestInvoker.java:598)
at org.testng.internal.TestInvoker.invokeTestMethod(TestInvoker.java:173)
at org.testng.internal.MethodRunner.runInSequence(MethodRunner.java:46)
at org.testng.internal.TestInvoker$MethodInvocationAgent.invoke(TestInvoker.java:824)
at org.testng.internal.TestInvoker.invokeTestMethods(TestInvoker.java:146)
at org.testng.internal.TestMethodWorker.invokeTestMethods(TestMethodWorker.java:146)
at org.testng.internal.TestMethodWorker.run(TestMethodWorker.java:128)
at java.base/java.util.ArrayList.forEach(ArrayList.java:1541)
at org.testng.TestRunner.privateRun(TestRunner.java:794)
at org.testng.TestRunner.run(TestRunner.java:596)
at org.testng.SuiteRunner.runTest(SuiteRunner.java:377)
at org.testng.SuiteRunner.runSequentially(SuiteRunner.java:371)
at org.testng.SuiteRunner.privateRun(SuiteRunner.java:332)
at org.testng.SuiteRunner.run(SuiteRunner.java:276)
at org.testng.SuiteRunnerWorker.runSuite(SuiteRunnerWorker.java:53)
at org.testng.SuiteRunnerWorker.run(SuiteRunnerWorker.java:96)
at org.testng.TestNG.runSuitesSequentially(TestNG.java:1212)
at org.testng.TestNG.runSuitesLocally(TestNG.java:1134)
at org.testng.TestNG.runSuites(TestNG.java:1063)
at org.testng.TestNG.run(TestNG.java:1031)
at org.apache.maven.surefire.testng.TestNGExecutor.run(TestNGExecutor.java:324)
at org.apache.maven.surefire.testng.TestNGXmlTestSuite.execute(TestNGXmlTestSuite.java:74)
at org.apache.maven.surefire.testng.TestNGProvider.invoke(TestNGProvider.java:123)
at org.apache.maven.surefire.booter.ForkedBooter.runSuitesInProcess(ForkedBooter.java:456)
at org.apache.maven.surefire.booter.ForkedBooter.execute(ForkedBooter.java:169)
at org.apache.maven.surefire.booter.ForkedBooter.run(ForkedBooter.java:595)
at org.apache.maven.surefire.booter.ForkedBooter.main(ForkedBooter.java:581)
]]>
            </full-stacktrace>
          </exception> <!-- org.openqa.selenium.NoSuchElementException -->
          <reporter-output>
          </reporter-output>
        </test-method> <!-- login -->
        <test-method is-config="true" signature="teardown()[pri:0, instance:DAY4.DdtExample@4d5650ae]" started-at="2022-11-23T16:32:17 IST" name="teardown" finished-at="2022-11-23T16:32:17 IST" duration-ms="181" status="PASS">
          <reporter-output>
          </reporter-output>
        </test-method> <!-- teardown -->
      </class> <!-- DAY4.DdtExample -->
    </test> <!-- Test -->
  </suite> <!-- Suite (0) -->
</testng-results>
